[    9108ms] [INFO] Banner not shown: beforeinstallpromptevent.preventDefault() called. The page must call beforeinstallpromptevent.prompt() to show the banner. @ https://x.com/compose/post:0
[    9317ms] [ERROR] Failed to load resource: the server responded with a status of 503 () @ https://ads-api.x.com/12/measurement/dcm_local_id:0
[   15979ms] [WARNING] The AudioContext was not allowed to start. It must be resumed (or created) after a user gesture on the page. https://developer.chrome.com/blog/autoplay/#web_audio @ https://abs.twimg.com/responsive-web/client-web/shared~bundle.Routes~~~~ondemand.CommandCenter~bundle.Grok~bundle.LiveEvent~bundle.Ocf~bundle.ReaderMode~load.6ff61a9a.js:6
[   37981ms] TypeError: Cannot read properties of undefined (reading 'getIn')
    at t.exports (https://abs.twimg.com/responsive-web/client-web/shared~bundle.Routes~loader.HWCard~bundle.LiveEvent~bundle.Grok~bundle.Ocf~ondemand.Verified~bundle.UserProfi.c39605ba.js:15:692)
    at https://abs.twimg.com/responsive-web/client-web/shared~bundle.Routes~loader.HWCard~bundle.LiveEvent~bundle.Grok~bundle.Ocf~ondemand.Verified~bundle.UserProfi.c39605ba.js:3:7391
    at Object.ej (https://abs.twimg.com/responsive-web/client-web/vendor.64e953aa.js:69:8007)
    at eW (https://abs.twimg.com/responsive-web/client-web/vendor.64e953aa.js:69:8161)
    at https://abs.twimg.com/responsive-web/client-web/vendor.64e953aa.js:69:26473
    at ne (https://abs.twimg.com/responsive-web/client-web/vendor.64e953aa.js:69:26572)
    at nt (https://abs.twimg.com/responsive-web/client-web/vendor.64e953aa.js:69:26986)
    at https://abs.twimg.com/responsive-web/client-web/vendor.64e953aa.js:69:32442
    at uA (https://abs.twimg.com/responsive-web/client-web/vendor.64e953aa.js:72:26533)
    at eN (https://abs.twimg.com/responsive-web/client-web/vendor.64e953aa.js:69:7151)
[   37991ms] TypeError: Cannot read properties of undefined (reading 'getIn')
    at t.exports (https://abs.twimg.com/responsive-web/client-web/shared~bundle.Routes~loader.HWCard~bundle.LiveEvent~bundle.Grok~bundle.Ocf~ondemand.Verified~bundle.UserProfi.c39605ba.js:15:692)
    at https://abs.twimg.com/responsive-web/client-web/shared~bundle.Routes~loader.HWCard~bundle.LiveEvent~bundle.Grok~bundle.Ocf~ondemand.Verified~bundle.UserProfi.c39605ba.js:3:7391
    at Object.ej (https://abs.twimg.com/responsive-web/client-web/vendor.64e953aa.js:69:8007)
    at eW (https://abs.twimg.com/responsive-web/client-web/vendor.64e953aa.js:69:8161)
    at https://abs.twimg.com/responsive-web/client-web/vendor.64e953aa.js:69:26473
    at ne (https://abs.twimg.com/responsive-web/client-web/vendor.64e953aa.js:69:26572)
    at nt (https://abs.twimg.com/responsive-web/client-web/vendor.64e953aa.js:69:26986)
    at https://abs.twimg.com/responsive-web/client-web/vendor.64e953aa.js:69:32442
    at uA (https://abs.twimg.com/responsive-web/client-web/vendor.64e953aa.js:72:26533)
    at eN (https://abs.twimg.com/responsive-web/client-web/vendor.64e953aa.js:69:7151)
[   37993ms] TypeError: Cannot read properties of undefined (reading 'getIn')
    at t.exports (https://abs.twimg.com/responsive-web/client-web/shared~bundle.Routes~loader.HWCard~bundle.LiveEvent~bundle.Grok~bundle.Ocf~ondemand.Verified~bundle.UserProfi.c39605ba.js:15:692)
    at https://abs.twimg.com/responsive-web/client-web/shared~bundle.Routes~loader.HWCard~bundle.LiveEvent~bundle.Grok~bundle.Ocf~ondemand.Verified~bundle.UserProfi.c39605ba.js:3:7391
    at Object.ej (https://abs.twimg.com/responsive-web/client-web/vendor.64e953aa.js:69:8007)
    at eW (https://abs.twimg.com/responsive-web/client-web/vendor.64e953aa.js:69:8161)
    at https://abs.twimg.com/responsive-web/client-web/vendor.64e953aa.js:69:26473
    at ne (https://abs.twimg.com/responsive-web/client-web/vendor.64e953aa.js:69:26572)
    at nt (https://abs.twimg.com/responsive-web/client-web/vendor.64e953aa.js:69:26986)
    at https://abs.twimg.com/responsive-web/client-web/vendor.64e953aa.js:69:32442
    at uA (https://abs.twimg.com/responsive-web/client-web/vendor.64e953aa.js:72:26533)
    at eN (https://abs.twimg.com/responsive-web/client-web/vendor.64e953aa.js:69:7151)
[   37996ms] TypeError: Cannot read properties of undefined (reading 'getIn')
    at t.exports (https://abs.twimg.com/responsive-web/client-web/shared~bundle.Routes~loader.HWCard~bundle.LiveEvent~bundle.Grok~bundle.Ocf~ondemand.Verified~bundle.UserProfi.c39605ba.js:15:692)
    at https://abs.twimg.com/responsive-web/client-web/shared~bundle.Routes~loader.HWCard~bundle.LiveEvent~bundle.Grok~bundle.Ocf~ondemand.Verified~bundle.UserProfi.c39605ba.js:3:7391
    at Object.ej (https://abs.twimg.com/responsive-web/client-web/vendor.64e953aa.js:69:8007)
    at eW (https://abs.twimg.com/responsive-web/client-web/vendor.64e953aa.js:69:8161)
    at https://abs.twimg.com/responsive-web/client-web/vendor.64e953aa.js:69:26473
    at ne (https://abs.twimg.com/responsive-web/client-web/vendor.64e953aa.js:69:26572)
    at nt (https://abs.twimg.com/responsive-web/client-web/vendor.64e953aa.js:69:26986)
    at https://abs.twimg.com/responsive-web/client-web/vendor.64e953aa.js:69:32442
    at uA (https://abs.twimg.com/responsive-web/client-web/vendor.64e953aa.js:72:26533)
    at eN (https://abs.twimg.com/responsive-web/client-web/vendor.64e953aa.js:69:7151)
[   37998ms] TypeError: Cannot read properties of undefined (reading 'getIn')
    at t.exports (https://abs.twimg.com/responsive-web/client-web/shared~bundle.Routes~loader.HWCard~bundle.LiveEvent~bundle.Grok~bundle.Ocf~ondemand.Verified~bundle.UserProfi.c39605ba.js:15:692)
    at https://abs.twimg.com/responsive-web/client-web/shared~bundle.Routes~loader.HWCard~bundle.LiveEvent~bundle.Grok~bundle.Ocf~ondemand.Verified~bundle.UserProfi.c39605ba.js:3:7391
    at Object.ej (https://abs.twimg.com/responsive-web/client-web/vendor.64e953aa.js:69:8007)
    at eW (https://abs.twimg.com/responsive-web/client-web/vendor.64e953aa.js:69:8161)
    at https://abs.twimg.com/responsive-web/client-web/vendor.64e953aa.js:69:26473
    at ne (https://abs.twimg.com/responsive-web/client-web/vendor.64e953aa.js:69:26572)
    at nt (https://abs.twimg.com/responsive-web/client-web/vendor.64e953aa.js:69:26986)
    at https://abs.twimg.com/responsive-web/client-web/vendor.64e953aa.js:69:32442
    at uA (https://abs.twimg.com/responsive-web/client-web/vendor.64e953aa.js:72:26533)
    at eN (https://abs.twimg.com/responsive-web/client-web/vendor.64e953aa.js:69:7151)
[   38000ms] TypeError: Cannot read properties of undefined (reading 'getIn')
    at t.exports (https://abs.twimg.com/responsive-web/client-web/shared~bundle.Routes~loader.HWCard~bundle.LiveEvent~bundle.Grok~bundle.Ocf~ondemand.Verified~bundle.UserProfi.c39605ba.js:15:692)
    at https://abs.twimg.com/responsive-web/client-web/shared~bundle.Routes~loader.HWCard~bundle.LiveEvent~bundle.Grok~bundle.Ocf~ondemand.Verified~bundle.UserProfi.c39605ba.js:3:7391
    at Object.ej (https://abs.twimg.com/responsive-web/client-web/vendor.64e953aa.js:69:8007)
    at eW (https://abs.twimg.com/responsive-web/client-web/vendor.64e953aa.js:69:8161)
    at https://abs.twimg.com/responsive-web/client-web/vendor.64e953aa.js:69:26473
    at ne (https://abs.twimg.com/responsive-web/client-web/vendor.64e953aa.js:69:26572)
    at nt (https://abs.twimg.com/responsive-web/client-web/vendor.64e953aa.js:69:26986)
    at https://abs.twimg.com/responsive-web/client-web/vendor.64e953aa.js:69:32442
    at uA (https://abs.twimg.com/responsive-web/client-web/vendor.64e953aa.js:72:26533)
    at eN (https://abs.twimg.com/responsive-web/client-web/vendor.64e953aa.js:69:7151)
[   38002ms] TypeError: Cannot read properties of undefined (reading 'getIn')
    at t.exports (https://abs.twimg.com/responsive-web/client-web/shared~bundle.Routes~loader.HWCard~bundle.LiveEvent~bundle.Grok~bundle.Ocf~ondemand.Verified~bundle.UserProfi.c39605ba.js:15:692)
    at https://abs.twimg.com/responsive-web/client-web/shared~bundle.Routes~loader.HWCard~bundle.LiveEvent~bundle.Grok~bundle.Ocf~ondemand.Verified~bundle.UserProfi.c39605ba.js:3:7391
    at Object.ej (https://abs.twimg.com/responsive-web/client-web/vendor.64e953aa.js:69:8007)
    at eW (https://abs.twimg.com/responsive-web/client-web/vendor.64e953aa.js:69:8161)
    at https://abs.twimg.com/responsive-web/client-web/vendor.64e953aa.js:69:26473
    at ne (https://abs.twimg.com/responsive-web/client-web/vendor.64e953aa.js:69:26572)
    at nt (https://abs.twimg.com/responsive-web/client-web/vendor.64e953aa.js:69:26986)
    at https://abs.twimg.com/responsive-web/client-web/vendor.64e953aa.js:69:32442
    at uA (https://abs.twimg.com/responsive-web/client-web/vendor.64e953aa.js:72:26533)
    at eN (https://abs.twimg.com/responsive-web/client-web/vendor.64e953aa.js:69:7151)
[   38004ms] TypeError: Cannot read properties of undefined (reading 'getIn')
    at t.exports (https://abs.twimg.com/responsive-web/client-web/shared~bundle.Routes~loader.HWCard~bundle.LiveEvent~bundle.Grok~bundle.Ocf~ondemand.Verified~bundle.UserProfi.c39605ba.js:15:692)
    at https://abs.twimg.com/responsive-web/client-web/shared~bundle.Routes~loader.HWCard~bundle.LiveEvent~bundle.Grok~bundle.Ocf~ondemand.Verified~bundle.UserProfi.c39605ba.js:3:7391
    at Object.ej (https://abs.twimg.com/responsive-web/client-web/vendor.64e953aa.js:69:8007)
    at eW (https://abs.twimg.com/responsive-web/client-web/vendor.64e953aa.js:69:8161)
    at https://abs.twimg.com/responsive-web/client-web/vendor.64e953aa.js:69:26473
    at ne (https://abs.twimg.com/responsive-web/client-web/vendor.64e953aa.js:69:26572)
    at nt (https://abs.twimg.com/responsive-web/client-web/vendor.64e953aa.js:69:26986)
    at https://abs.twimg.com/responsive-web/client-web/vendor.64e953aa.js:69:32442
    at uA (https://abs.twimg.com/responsive-web/client-web/vendor.64e953aa.js:72:26533)
    at eN (https://abs.twimg.com/responsive-web/client-web/vendor.64e953aa.js:69:7151)
[   38007ms] TypeError: Cannot read properties of undefined (reading 'getIn')
    at t.exports (https://abs.twimg.com/responsive-web/client-web/shared~bundle.Routes~loader.HWCard~bundle.LiveEvent~bundle.Grok~bundle.Ocf~ondemand.Verified~bundle.UserProfi.c39605ba.js:15:692)
    at https://abs.twimg.com/responsive-web/client-web/shared~bundle.Routes~loader.HWCard~bundle.LiveEvent~bundle.Grok~bundle.Ocf~ondemand.Verified~bundle.UserProfi.c39605ba.js:3:7391
    at Object.ej (https://abs.twimg.com/responsive-web/client-web/vendor.64e953aa.js:69:8007)
    at eW (https://abs.twimg.com/responsive-web/client-web/vendor.64e953aa.js:69:8161)
    at https://abs.twimg.com/responsive-web/client-web/vendor.64e953aa.js:69:26473
    at ne (https://abs.twimg.com/responsive-web/client-web/vendor.64e953aa.js:69:26572)
    at nt (https://abs.twimg.com/responsive-web/client-web/vendor.64e953aa.js:69:26986)
    at https://abs.twimg.com/responsive-web/client-web/vendor.64e953aa.js:69:32442
    at uA (https://abs.twimg.com/responsive-web/client-web/vendor.64e953aa.js:72:26533)
    at eN (https://abs.twimg.com/responsive-web/client-web/vendor.64e953aa.js:69:7151)
[   38010ms] TypeError: Cannot read properties of undefined (reading 'getIn')
    at t.exports (https://abs.twimg.com/responsive-web/client-web/shared~bundle.Routes~loader.HWCard~bundle.LiveEvent~bundle.Grok~bundle.Ocf~ondemand.Verified~bundle.UserProfi.c39605ba.js:15:692)
    at https://abs.twimg.com/responsive-web/client-web/shared~bundle.Routes~loader.HWCard~bundle.LiveEvent~bundle.Grok~bundle.Ocf~ondemand.Verified~bundle.UserProfi.c39605ba.js:3:7391
    at Object.ej (https://abs.twimg.com/responsive-web/client-web/vendor.64e953aa.js:69:8007)
    at eW (https://abs.twimg.com/responsive-web/client-web/vendor.64e953aa.js:69:8161)
    at https://abs.twimg.com/responsive-web/client-web/vendor.64e953aa.js:69:26473
    at ne (https://abs.twimg.com/responsive-web/client-web/vendor.64e953aa.js:69:26572)
    at nt (https://abs.twimg.com/responsive-web/client-web/vendor.64e953aa.js:69:26986)
    at https://abs.twimg.com/responsive-web/client-web/vendor.64e953aa.js:69:32442
    at uA (https://abs.twimg.com/responsive-web/client-web/vendor.64e953aa.js:72:26533)
    at eN (https://abs.twimg.com/responsive-web/client-web/vendor.64e953aa.js:69:7151)
[   38011ms] TypeError: Cannot read properties of undefined (reading 'getIn')
    at t.exports (https://abs.twimg.com/responsive-web/client-web/shared~bundle.Routes~loader.HWCard~bundle.LiveEvent~bundle.Grok~bundle.Ocf~ondemand.Verified~bundle.UserProfi.c39605ba.js:15:692)
    at https://abs.twimg.com/responsive-web/client-web/shared~bundle.Routes~loader.HWCard~bundle.LiveEvent~bundle.Grok~bundle.Ocf~ondemand.Verified~bundle.UserProfi.c39605ba.js:3:7391
    at Object.ej (https://abs.twimg.com/responsive-web/client-web/vendor.64e953aa.js:69:8007)
    at eW (https://abs.twimg.com/responsive-web/client-web/vendor.64e953aa.js:69:8161)
    at https://abs.twimg.com/responsive-web/client-web/vendor.64e953aa.js:69:26473
    at ne (https://abs.twimg.com/responsive-web/client-web/vendor.64e953aa.js:69:26572)
    at nt (https://abs.twimg.com/responsive-web/client-web/vendor.64e953aa.js:69:26986)
    at https://abs.twimg.com/responsive-web/client-web/vendor.64e953aa.js:69:32442
    at uA (https://abs.twimg.com/responsive-web/client-web/vendor.64e953aa.js:72:26533)
    at eN (https://abs.twimg.com/responsive-web/client-web/vendor.64e953aa.js:69:7151)
[   38013ms] TypeError: Cannot read properties of undefined (reading 'getIn')
    at t.exports (https://abs.twimg.com/responsive-web/client-web/shared~bundle.Routes~loader.HWCard~bundle.LiveEvent~bundle.Grok~bundle.Ocf~ondemand.Verified~bundle.UserProfi.c39605ba.js:15:692)
    at https://abs.twimg.com/responsive-web/client-web/shared~bundle.Routes~loader.HWCard~bundle.LiveEvent~bundle.Grok~bundle.Ocf~ondemand.Verified~bundle.UserProfi.c39605ba.js:3:7391
    at Object.ej (https://abs.twimg.com/responsive-web/client-web/vendor.64e953aa.js:69:8007)
    at eW (https://abs.twimg.com/responsive-web/client-web/vendor.64e953aa.js:69:8161)
    at https://abs.twimg.com/responsive-web/client-web/vendor.64e953aa.js:69:26473
    at ne (https://abs.twimg.com/responsive-web/client-web/vendor.64e953aa.js:69:26572)
    at nt (https://abs.twimg.com/responsive-web/client-web/vendor.64e953aa.js:69:26986)
    at https://abs.twimg.com/responsive-web/client-web/vendor.64e953aa.js:69:32442
    at uA (https://abs.twimg.com/responsive-web/client-web/vendor.64e953aa.js:72:26533)
    at eN (https://abs.twimg.com/responsive-web/client-web/vendor.64e953aa.js:69:7151)
[   38017ms] TypeError: Cannot read properties of undefined (reading 'getIn')
    at t.exports (https://abs.twimg.com/responsive-web/client-web/shared~bundle.Routes~loader.HWCard~bundle.LiveEvent~bundle.Grok~bundle.Ocf~ondemand.Verified~bundle.UserProfi.c39605ba.js:15:692)
    at https://abs.twimg.com/responsive-web/client-web/shared~bundle.Routes~loader.HWCard~bundle.LiveEvent~bundle.Grok~bundle.Ocf~ondemand.Verified~bundle.UserProfi.c39605ba.js:3:7391
    at Object.ej (https://abs.twimg.com/responsive-web/client-web/vendor.64e953aa.js:69:8007)
    at eW (https://abs.twimg.com/responsive-web/client-web/vendor.64e953aa.js:69:8161)
    at https://abs.twimg.com/responsive-web/client-web/vendor.64e953aa.js:69:26473
    at ne (https://abs.twimg.com/responsive-web/client-web/vendor.64e953aa.js:69:26572)
    at nt (https://abs.twimg.com/responsive-web/client-web/vendor.64e953aa.js:69:26986)
    at https://abs.twimg.com/responsive-web/client-web/vendor.64e953aa.js:69:32442
    at uA (https://abs.twimg.com/responsive-web/client-web/vendor.64e953aa.js:72:26533)
    at eN (https://abs.twimg.com/responsive-web/client-web/vendor.64e953aa.js:69:7151)
[   38019ms] TypeError: Cannot read properties of undefined (reading 'getIn')
    at t.exports (https://abs.twimg.com/responsive-web/client-web/shared~bundle.Routes~loader.HWCard~bundle.LiveEvent~bundle.Grok~bundle.Ocf~ondemand.Verified~bundle.UserProfi.c39605ba.js:15:692)
    at https://abs.twimg.com/responsive-web/client-web/shared~bundle.Routes~loader.HWCard~bundle.LiveEvent~bundle.Grok~bundle.Ocf~ondemand.Verified~bundle.UserProfi.c39605ba.js:3:7391
    at Object.ej (https://abs.twimg.com/responsive-web/client-web/vendor.64e953aa.js:69:8007)
    at eW (https://abs.twimg.com/responsive-web/client-web/vendor.64e953aa.js:69:8161)
    at https://abs.twimg.com/responsive-web/client-web/vendor.64e953aa.js:69:26473
    at ne (https://abs.twimg.com/responsive-web/client-web/vendor.64e953aa.js:69:26572)
    at nt (https://abs.twimg.com/responsive-web/client-web/vendor.64e953aa.js:69:26986)
    at https://abs.twimg.com/responsive-web/client-web/vendor.64e953aa.js:69:32442
    at uA (https://abs.twimg.com/responsive-web/client-web/vendor.64e953aa.js:72:26533)
    at eN (https://abs.twimg.com/responsive-web/client-web/vendor.64e953aa.js:69:7151)
[   38021ms] TypeError: Cannot read properties of undefined (reading 'getIn')
    at t.exports (https://abs.twimg.com/responsive-web/client-web/shared~bundle.Routes~loader.HWCard~bundle.LiveEvent~bundle.Grok~bundle.Ocf~ondemand.Verified~bundle.UserProfi.c39605ba.js:15:692)
    at https://abs.twimg.com/responsive-web/client-web/shared~bundle.Routes~loader.HWCard~bundle.LiveEvent~bundle.Grok~bundle.Ocf~ondemand.Verified~bundle.UserProfi.c39605ba.js:3:7391
    at Object.ej (https://abs.twimg.com/responsive-web/client-web/vendor.64e953aa.js:69:8007)
    at eW (https://abs.twimg.com/responsive-web/client-web/vendor.64e953aa.js:69:8161)
    at https://abs.twimg.com/responsive-web/client-web/vendor.64e953aa.js:69:26473
    at ne (https://abs.twimg.com/responsive-web/client-web/vendor.64e953aa.js:69:26572)
    at nt (https://abs.twimg.com/responsive-web/client-web/vendor.64e953aa.js:69:26986)
    at https://abs.twimg.com/responsive-web/client-web/vendor.64e953aa.js:69:32442
    at uA (https://abs.twimg.com/responsive-web/client-web/vendor.64e953aa.js:72:26533)
    at eN (https://abs.twimg.com/responsive-web/client-web/vendor.64e953aa.js:69:7151)
[   38024ms] TypeError: Cannot read properties of undefined (reading 'getIn')
    at t.exports (https://abs.twimg.com/responsive-web/client-web/shared~bundle.Routes~loader.HWCard~bundle.LiveEvent~bundle.Grok~bundle.Ocf~ondemand.Verified~bundle.UserProfi.c39605ba.js:15:692)
    at https://abs.twimg.com/responsive-web/client-web/shared~bundle.Routes~loader.HWCard~bundle.LiveEvent~bundle.Grok~bundle.Ocf~ondemand.Verified~bundle.UserProfi.c39605ba.js:3:7391
    at Object.ej (https://abs.twimg.com/responsive-web/client-web/vendor.64e953aa.js:69:8007)
    at eW (https://abs.twimg.com/responsive-web/client-web/vendor.64e953aa.js:69:8161)
    at https://abs.twimg.com/responsive-web/client-web/vendor.64e953aa.js:69:26473
    at ne (https://abs.twimg.com/responsive-web/client-web/vendor.64e953aa.js:69:26572)
    at nt (https://abs.twimg.com/responsive-web/client-web/vendor.64e953aa.js:69:26986)
    at https://abs.twimg.com/responsive-web/client-web/vendor.64e953aa.js:69:32442
    at uA (https://abs.twimg.com/responsive-web/client-web/vendor.64e953aa.js:72:26533)
    at eN (https://abs.twimg.com/responsive-web/client-web/vendor.64e953aa.js:69:7151)
[  123853ms] TypeError: Cannot read properties of undefined (reading 'getIn')
    at t.exports (https://abs.twimg.com/responsive-web/client-web/shared~bundle.Routes~loader.HWCard~bundle.LiveEvent~bundle.Grok~bundle.Ocf~ondemand.Verified~bundle.UserProfi.c39605ba.js:15:692)
    at https://abs.twimg.com/responsive-web/client-web/shared~bundle.Routes~loader.HWCard~bundle.LiveEvent~bundle.Grok~bundle.Ocf~ondemand.Verified~bundle.UserProfi.c39605ba.js:3:7391
    at Object.ej (https://abs.twimg.com/responsive-web/client-web/vendor.64e953aa.js:69:8007)
    at eW (https://abs.twimg.com/responsive-web/client-web/vendor.64e953aa.js:69:8161)
    at https://abs.twimg.com/responsive-web/client-web/vendor.64e953aa.js:69:26473
    at ne (https://abs.twimg.com/responsive-web/client-web/vendor.64e953aa.js:69:26572)
    at nt (https://abs.twimg.com/responsive-web/client-web/vendor.64e953aa.js:69:26986)
    at https://abs.twimg.com/responsive-web/client-web/vendor.64e953aa.js:69:32442
    at uA (https://abs.twimg.com/responsive-web/client-web/vendor.64e953aa.js:72:26533)
    at eN (https://abs.twimg.com/responsive-web/client-web/vendor.64e953aa.js:69:7151)
[  123887ms] TypeError: Cannot read properties of undefined (reading 'getIn')
    at t.exports (https://abs.twimg.com/responsive-web/client-web/shared~bundle.Routes~loader.HWCard~bundle.LiveEvent~bundle.Grok~bundle.Ocf~ondemand.Verified~bundle.UserProfi.c39605ba.js:15:692)
    at https://abs.twimg.com/responsive-web/client-web/shared~bundle.Routes~loader.HWCard~bundle.LiveEvent~bundle.Grok~bundle.Ocf~ondemand.Verified~bundle.UserProfi.c39605ba.js:3:7391
    at Object.ej (https://abs.twimg.com/responsive-web/client-web/vendor.64e953aa.js:69:8007)
    at eW (https://abs.twimg.com/responsive-web/client-web/vendor.64e953aa.js:69:8161)
    at https://abs.twimg.com/responsive-web/client-web/vendor.64e953aa.js:69:26473
    at ne (https://abs.twimg.com/responsive-web/client-web/vendor.64e953aa.js:69:26572)
    at nt (https://abs.twimg.com/responsive-web/client-web/vendor.64e953aa.js:69:26986)
    at https://abs.twimg.com/responsive-web/client-web/vendor.64e953aa.js:69:32442
    at uA (https://abs.twimg.com/responsive-web/client-web/vendor.64e953aa.js:72:26533)
    at eN (https://abs.twimg.com/responsive-web/client-web/vendor.64e953aa.js:69:7151)
[  123896ms] TypeError: Cannot read properties of undefined (reading 'getIn')
    at t.exports (https://abs.twimg.com/responsive-web/client-web/shared~bundle.Routes~loader.HWCard~bundle.LiveEvent~bundle.Grok~bundle.Ocf~ondemand.Verified~bundle.UserProfi.c39605ba.js:15:692)
    at https://abs.twimg.com/responsive-web/client-web/shared~bundle.Routes~loader.HWCard~bundle.LiveEvent~bundle.Grok~bundle.Ocf~ondemand.Verified~bundle.UserProfi.c39605ba.js:3:7391
    at Object.ej (https://abs.twimg.com/responsive-web/client-web/vendor.64e953aa.js:69:8007)
    at eW (https://abs.twimg.com/responsive-web/client-web/vendor.64e953aa.js:69:8161)
    at https://abs.twimg.com/responsive-web/client-web/vendor.64e953aa.js:69:26473
    at ne (https://abs.twimg.com/responsive-web/client-web/vendor.64e953aa.js:69:26572)
    at nt (https://abs.twimg.com/responsive-web/client-web/vendor.64e953aa.js:69:26986)
    at https://abs.twimg.com/responsive-web/client-web/vendor.64e953aa.js:69:32442
    at uA (https://abs.twimg.com/responsive-web/client-web/vendor.64e953aa.js:72:26533)
    at eN (https://abs.twimg.com/responsive-web/client-web/vendor.64e953aa.js:69:7151)
[  123905ms] TypeError: Cannot read properties of undefined (reading 'getIn')
    at t.exports (https://abs.twimg.com/responsive-web/client-web/shared~bundle.Routes~loader.HWCard~bundle.LiveEvent~bundle.Grok~bundle.Ocf~ondemand.Verified~bundle.UserProfi.c39605ba.js:15:692)
    at https://abs.twimg.com/responsive-web/client-web/shared~bundle.Routes~loader.HWCard~bundle.LiveEvent~bundle.Grok~bundle.Ocf~ondemand.Verified~bundle.UserProfi.c39605ba.js:3:7391
    at Object.ej (https://abs.twimg.com/responsive-web/client-web/vendor.64e953aa.js:69:8007)
    at eW (https://abs.twimg.com/responsive-web/client-web/vendor.64e953aa.js:69:8161)
    at https://abs.twimg.com/responsive-web/client-web/vendor.64e953aa.js:69:26473
    at ne (https://abs.twimg.com/responsive-web/client-web/vendor.64e953aa.js:69:26572)
    at nt (https://abs.twimg.com/responsive-web/client-web/vendor.64e953aa.js:69:26986)
    at https://abs.twimg.com/responsive-web/client-web/vendor.64e953aa.js:69:32442
    at uA (https://abs.twimg.com/responsive-web/client-web/vendor.64e953aa.js:72:26533)
    at eN (https://abs.twimg.com/responsive-web/client-web/vendor.64e953aa.js:69:7151)
[  123910ms] TypeError: Cannot read properties of undefined (reading 'getIn')
    at t.exports (https://abs.twimg.com/responsive-web/client-web/shared~bundle.Routes~loader.HWCard~bundle.LiveEvent~bundle.Grok~bundle.Ocf~ondemand.Verified~bundle.UserProfi.c39605ba.js:15:692)
    at https://abs.twimg.com/responsive-web/client-web/shared~bundle.Routes~loader.HWCard~bundle.LiveEvent~bundle.Grok~bundle.Ocf~ondemand.Verified~bundle.UserProfi.c39605ba.js:3:7391
    at Object.ej (https://abs.twimg.com/responsive-web/client-web/vendor.64e953aa.js:69:8007)
    at eW (https://abs.twimg.com/responsive-web/client-web/vendor.64e953aa.js:69:8161)
    at https://abs.twimg.com/responsive-web/client-web/vendor.64e953aa.js:69:26473
    at ne (https://abs.twimg.com/responsive-web/client-web/vendor.64e953aa.js:69:26572)
    at nt (https://abs.twimg.com/responsive-web/client-web/vendor.64e953aa.js:69:26986)
    at https://abs.twimg.com/responsive-web/client-web/vendor.64e953aa.js:69:32442
    at uA (https://abs.twimg.com/responsive-web/client-web/vendor.64e953aa.js:72:26533)
    at eN (https://abs.twimg.com/responsive-web/client-web/vendor.64e953aa.js:69:7151)
[  123915ms] TypeError: Cannot read properties of undefined (reading 'getIn')
    at t.exports (https://abs.twimg.com/responsive-web/client-web/shared~bundle.Routes~loader.HWCard~bundle.LiveEvent~bundle.Grok~bundle.Ocf~ondemand.Verified~bundle.UserProfi.c39605ba.js:15:692)
    at https://abs.twimg.com/responsive-web/client-web/shared~bundle.Routes~loader.HWCard~bundle.LiveEvent~bundle.Grok~bundle.Ocf~ondemand.Verified~bundle.UserProfi.c39605ba.js:3:7391
    at Object.ej (https://abs.twimg.com/responsive-web/client-web/vendor.64e953aa.js:69:8007)
    at eW (https://abs.twimg.com/responsive-web/client-web/vendor.64e953aa.js:69:8161)
    at https://abs.twimg.com/responsive-web/client-web/vendor.64e953aa.js:69:26473
    at ne (https://abs.twimg.com/responsive-web/client-web/vendor.64e953aa.js:69:26572)
    at nt (https://abs.twimg.com/responsive-web/client-web/vendor.64e953aa.js:69:26986)
    at https://abs.twimg.com/responsive-web/client-web/vendor.64e953aa.js:69:32442
    at uA (https://abs.twimg.com/responsive-web/client-web/vendor.64e953aa.js:72:26533)
    at eN (https://abs.twimg.com/responsive-web/client-web/vendor.64e953aa.js:69:7151)
[  123918ms] TypeError: Cannot read properties of undefined (reading 'getIn')
    at t.exports (https://abs.twimg.com/responsive-web/client-web/shared~bundle.Routes~loader.HWCard~bundle.LiveEvent~bundle.Grok~bundle.Ocf~ondemand.Verified~bundle.UserProfi.c39605ba.js:15:692)
    at https://abs.twimg.com/responsive-web/client-web/shared~bundle.Routes~loader.HWCard~bundle.LiveEvent~bundle.Grok~bundle.Ocf~ondemand.Verified~bundle.UserProfi.c39605ba.js:3:7391
    at Object.ej (https://abs.twimg.com/responsive-web/client-web/vendor.64e953aa.js:69:8007)
    at eW (https://abs.twimg.com/responsive-web/client-web/vendor.64e953aa.js:69:8161)
    at https://abs.twimg.com/responsive-web/client-web/vendor.64e953aa.js:69:26473
    at ne (https://abs.twimg.com/responsive-web/client-web/vendor.64e953aa.js:69:26572)
    at nt (https://abs.twimg.com/responsive-web/client-web/vendor.64e953aa.js:69:26986)
    at https://abs.twimg.com/responsive-web/client-web/vendor.64e953aa.js:69:32442
    at uA (https://abs.twimg.com/responsive-web/client-web/vendor.64e953aa.js:72:26533)
    at eN (https://abs.twimg.com/responsive-web/client-web/vendor.64e953aa.js:69:7151)
[  123921ms] TypeError: Cannot read properties of undefined (reading 'getIn')
    at t.exports (https://abs.twimg.com/responsive-web/client-web/shared~bundle.Routes~loader.HWCard~bundle.LiveEvent~bundle.Grok~bundle.Ocf~ondemand.Verified~bundle.UserProfi.c39605ba.js:15:692)
    at https://abs.twimg.com/responsive-web/client-web/shared~bundle.Routes~loader.HWCard~bundle.LiveEvent~bundle.Grok~bundle.Ocf~ondemand.Verified~bundle.UserProfi.c39605ba.js:3:7391
    at Object.ej (https://abs.twimg.com/responsive-web/client-web/vendor.64e953aa.js:69:8007)
    at eW (https://abs.twimg.com/responsive-web/client-web/vendor.64e953aa.js:69:8161)
    at https://abs.twimg.com/responsive-web/client-web/vendor.64e953aa.js:69:26473
    at ne (https://abs.twimg.com/responsive-web/client-web/vendor.64e953aa.js:69:26572)
    at nt (https://abs.twimg.com/responsive-web/client-web/vendor.64e953aa.js:69:26986)
    at https://abs.twimg.com/responsive-web/client-web/vendor.64e953aa.js:69:32442
    at uA (https://abs.twimg.com/responsive-web/client-web/vendor.64e953aa.js:72:26533)
    at eN (https://abs.twimg.com/responsive-web/client-web/vendor.64e953aa.js:69:7151)
[  123924ms] TypeError: Cannot read properties of undefined (reading 'getIn')
    at t.exports (https://abs.twimg.com/responsive-web/client-web/shared~bundle.Routes~loader.HWCard~bundle.LiveEvent~bundle.Grok~bundle.Ocf~ondemand.Verified~bundle.UserProfi.c39605ba.js:15:692)
    at https://abs.twimg.com/responsive-web/client-web/shared~bundle.Routes~loader.HWCard~bundle.LiveEvent~bundle.Grok~bundle.Ocf~ondemand.Verified~bundle.UserProfi.c39605ba.js:3:7391
    at Object.ej (https://abs.twimg.com/responsive-web/client-web/vendor.64e953aa.js:69:8007)
    at eW (https://abs.twimg.com/responsive-web/client-web/vendor.64e953aa.js:69:8161)
    at https://abs.twimg.com/responsive-web/client-web/vendor.64e953aa.js:69:26473
    at ne (https://abs.twimg.com/responsive-web/client-web/vendor.64e953aa.js:69:26572)
    at nt (https://abs.twimg.com/responsive-web/client-web/vendor.64e953aa.js:69:26986)
    at https://abs.twimg.com/responsive-web/client-web/vendor.64e953aa.js:69:32442
    at uA (https://abs.twimg.com/responsive-web/client-web/vendor.64e953aa.js:72:26533)
    at eN (https://abs.twimg.com/responsive-web/client-web/vendor.64e953aa.js:69:7151)
[  123928ms] TypeError: Cannot read properties of undefined (reading 'getIn')
    at t.exports (https://abs.twimg.com/responsive-web/client-web/shared~bundle.Routes~loader.HWCard~bundle.LiveEvent~bundle.Grok~bundle.Ocf~ondemand.Verified~bundle.UserProfi.c39605ba.js:15:692)
    at https://abs.twimg.com/responsive-web/client-web/shared~bundle.Routes~loader.HWCard~bundle.LiveEvent~bundle.Grok~bundle.Ocf~ondemand.Verified~bundle.UserProfi.c39605ba.js:3:7391
    at Object.ej (https://abs.twimg.com/responsive-web/client-web/vendor.64e953aa.js:69:8007)
    at eW (https://abs.twimg.com/responsive-web/client-web/vendor.64e953aa.js:69:8161)
    at https://abs.twimg.com/responsive-web/client-web/vendor.64e953aa.js:69:26473
    at ne (https://abs.twimg.com/responsive-web/client-web/vendor.64e953aa.js:69:26572)
    at nt (https://abs.twimg.com/responsive-web/client-web/vendor.64e953aa.js:69:26986)
    at https://abs.twimg.com/responsive-web/client-web/vendor.64e953aa.js:69:32442
    at uA (https://abs.twimg.com/responsive-web/client-web/vendor.64e953aa.js:72:26533)
    at eN (https://abs.twimg.com/responsive-web/client-web/vendor.64e953aa.js:69:7151)
[  123930ms] TypeError: Cannot read properties of undefined (reading 'getIn')
    at t.exports (https://abs.twimg.com/responsive-web/client-web/shared~bundle.Routes~loader.HWCard~bundle.LiveEvent~bundle.Grok~bundle.Ocf~ondemand.Verified~bundle.UserProfi.c39605ba.js:15:692)
    at https://abs.twimg.com/responsive-web/client-web/shared~bundle.Routes~loader.HWCard~bundle.LiveEvent~bundle.Grok~bundle.Ocf~ondemand.Verified~bundle.UserProfi.c39605ba.js:3:7391
    at Object.ej (https://abs.twimg.com/responsive-web/client-web/vendor.64e953aa.js:69:8007)
    at eW (https://abs.twimg.com/responsive-web/client-web/vendor.64e953aa.js:69:8161)
    at https://abs.twimg.com/responsive-web/client-web/vendor.64e953aa.js:69:26473
    at ne (https://abs.twimg.com/responsive-web/client-web/vendor.64e953aa.js:69:26572)
    at nt (https://abs.twimg.com/responsive-web/client-web/vendor.64e953aa.js:69:26986)
    at https://abs.twimg.com/responsive-web/client-web/vendor.64e953aa.js:69:32442
    at uA (https://abs.twimg.com/responsive-web/client-web/vendor.64e953aa.js:72:26533)
    at eN (https://abs.twimg.com/responsive-web/client-web/vendor.64e953aa.js:69:7151)
[  123933ms] TypeError: Cannot read properties of undefined (reading 'getIn')
    at t.exports (https://abs.twimg.com/responsive-web/client-web/shared~bundle.Routes~loader.HWCard~bundle.LiveEvent~bundle.Grok~bundle.Ocf~ondemand.Verified~bundle.UserProfi.c39605ba.js:15:692)
    at https://abs.twimg.com/responsive-web/client-web/shared~bundle.Routes~loader.HWCard~bundle.LiveEvent~bundle.Grok~bundle.Ocf~ondemand.Verified~bundle.UserProfi.c39605ba.js:3:7391
    at Object.ej (https://abs.twimg.com/responsive-web/client-web/vendor.64e953aa.js:69:8007)
    at eW (https://abs.twimg.com/responsive-web/client-web/vendor.64e953aa.js:69:8161)
    at https://abs.twimg.com/responsive-web/client-web/vendor.64e953aa.js:69:26473
    at ne (https://abs.twimg.com/responsive-web/client-web/vendor.64e953aa.js:69:26572)
    at nt (https://abs.twimg.com/responsive-web/client-web/vendor.64e953aa.js:69:26986)
    at https://abs.twimg.com/responsive-web/client-web/vendor.64e953aa.js:69:32442
    at uA (https://abs.twimg.com/responsive-web/client-web/vendor.64e953aa.js:72:26533)
    at eN (https://abs.twimg.com/responsive-web/client-web/vendor.64e953aa.js:69:7151)
[  123936ms] TypeError: Cannot read properties of undefined (reading 'getIn')
    at t.exports (https://abs.twimg.com/responsive-web/client-web/shared~bundle.Routes~loader.HWCard~bundle.LiveEvent~bundle.Grok~bundle.Ocf~ondemand.Verified~bundle.UserProfi.c39605ba.js:15:692)
    at https://abs.twimg.com/responsive-web/client-web/shared~bundle.Routes~loader.HWCard~bundle.LiveEvent~bundle.Grok~bundle.Ocf~ondemand.Verified~bundle.UserProfi.c39605ba.js:3:7391
    at Object.ej (https://abs.twimg.com/responsive-web/client-web/vendor.64e953aa.js:69:8007)
    at eW (https://abs.twimg.com/responsive-web/client-web/vendor.64e953aa.js:69:8161)
    at https://abs.twimg.com/responsive-web/client-web/vendor.64e953aa.js:69:26473
    at ne (https://abs.twimg.com/responsive-web/client-web/vendor.64e953aa.js:69:26572)
    at nt (https://abs.twimg.com/responsive-web/client-web/vendor.64e953aa.js:69:26986)
    at https://abs.twimg.com/responsive-web/client-web/vendor.64e953aa.js:69:32442
    at uA (https://abs.twimg.com/responsive-web/client-web/vendor.64e953aa.js:72:26533)
    at eN (https://abs.twimg.com/responsive-web/client-web/vendor.64e953aa.js:69:7151)
[  123938ms] TypeError: Cannot read properties of undefined (reading 'getIn')
    at t.exports (https://abs.twimg.com/responsive-web/client-web/shared~bundle.Routes~loader.HWCard~bundle.LiveEvent~bundle.Grok~bundle.Ocf~ondemand.Verified~bundle.UserProfi.c39605ba.js:15:692)
    at https://abs.twimg.com/responsive-web/client-web/shared~bundle.Routes~loader.HWCard~bundle.LiveEvent~bundle.Grok~bundle.Ocf~ondemand.Verified~bundle.UserProfi.c39605ba.js:3:7391
    at Object.ej (https://abs.twimg.com/responsive-web/client-web/vendor.64e953aa.js:69:8007)
    at eW (https://abs.twimg.com/responsive-web/client-web/vendor.64e953aa.js:69:8161)
    at https://abs.twimg.com/responsive-web/client-web/vendor.64e953aa.js:69:26473
    at ne (https://abs.twimg.com/responsive-web/client-web/vendor.64e953aa.js:69:26572)
    at nt (https://abs.twimg.com/responsive-web/client-web/vendor.64e953aa.js:69:26986)
    at https://abs.twimg.com/responsive-web/client-web/vendor.64e953aa.js:69:32442
    at uA (https://abs.twimg.com/responsive-web/client-web/vendor.64e953aa.js:72:26533)
    at eN (https://abs.twimg.com/responsive-web/client-web/vendor.64e953aa.js:69:7151)
[  123941ms] TypeError: Cannot read properties of undefined (reading 'getIn')
    at t.exports (https://abs.twimg.com/responsive-web/client-web/shared~bundle.Routes~loader.HWCard~bundle.LiveEvent~bundle.Grok~bundle.Ocf~ondemand.Verified~bundle.UserProfi.c39605ba.js:15:692)
    at https://abs.twimg.com/responsive-web/client-web/shared~bundle.Routes~loader.HWCard~bundle.LiveEvent~bundle.Grok~bundle.Ocf~ondemand.Verified~bundle.UserProfi.c39605ba.js:3:7391
    at Object.ej (https://abs.twimg.com/responsive-web/client-web/vendor.64e953aa.js:69:8007)
    at eW (https://abs.twimg.com/responsive-web/client-web/vendor.64e953aa.js:69:8161)
    at https://abs.twimg.com/responsive-web/client-web/vendor.64e953aa.js:69:26473
    at ne (https://abs.twimg.com/responsive-web/client-web/vendor.64e953aa.js:69:26572)
    at nt (https://abs.twimg.com/responsive-web/client-web/vendor.64e953aa.js:69:26986)
    at https://abs.twimg.com/responsive-web/client-web/vendor.64e953aa.js:69:32442
    at uA (https://abs.twimg.com/responsive-web/client-web/vendor.64e953aa.js:72:26533)
    at eN (https://abs.twimg.com/responsive-web/client-web/vendor.64e953aa.js:69:7151)
[  123945ms] TypeError: Cannot read properties of undefined (reading 'getIn')
    at t.exports (https://abs.twimg.com/responsive-web/client-web/shared~bundle.Routes~loader.HWCard~bundle.LiveEvent~bundle.Grok~bundle.Ocf~ondemand.Verified~bundle.UserProfi.c39605ba.js:15:692)
    at https://abs.twimg.com/responsive-web/client-web/shared~bundle.Routes~loader.HWCard~bundle.LiveEvent~bundle.Grok~bundle.Ocf~ondemand.Verified~bundle.UserProfi.c39605ba.js:3:7391
    at Object.ej (https://abs.twimg.com/responsive-web/client-web/vendor.64e953aa.js:69:8007)
    at eW (https://abs.twimg.com/responsive-web/client-web/vendor.64e953aa.js:69:8161)
    at https://abs.twimg.com/responsive-web/client-web/vendor.64e953aa.js:69:26473
    at ne (https://abs.twimg.com/responsive-web/client-web/vendor.64e953aa.js:69:26572)
    at nt (https://abs.twimg.com/responsive-web/client-web/vendor.64e953aa.js:69:26986)
    at https://abs.twimg.com/responsive-web/client-web/vendor.64e953aa.js:69:32442
    at uA (https://abs.twimg.com/responsive-web/client-web/vendor.64e953aa.js:72:26533)
    at eN (https://abs.twimg.com/responsive-web/client-web/vendor.64e953aa.js:69:7151)
[  189229ms] TypeError: Cannot read properties of undefined (reading 'getIn')
    at t.exports (https://abs.twimg.com/responsive-web/client-web/shared~bundle.Routes~loader.HWCard~bundle.LiveEvent~bundle.Grok~bundle.Ocf~ondemand.Verified~bundle.UserProfi.c39605ba.js:15:692)
    at https://abs.twimg.com/responsive-web/client-web/shared~bundle.Routes~loader.HWCard~bundle.LiveEvent~bundle.Grok~bundle.Ocf~ondemand.Verified~bundle.UserProfi.c39605ba.js:3:7391
    at Object.ej (https://abs.twimg.com/responsive-web/client-web/vendor.64e953aa.js:69:8007)
    at eW (https://abs.twimg.com/responsive-web/client-web/vendor.64e953aa.js:69:8161)
    at https://abs.twimg.com/responsive-web/client-web/vendor.64e953aa.js:69:26473
    at ne (https://abs.twimg.com/responsive-web/client-web/vendor.64e953aa.js:69:26572)
    at nt (https://abs.twimg.com/responsive-web/client-web/vendor.64e953aa.js:69:26986)
    at https://abs.twimg.com/responsive-web/client-web/vendor.64e953aa.js:69:32442
    at uA (https://abs.twimg.com/responsive-web/client-web/vendor.64e953aa.js:72:26533)
    at eN (https://abs.twimg.com/responsive-web/client-web/vendor.64e953aa.js:69:7151)
[  189271ms] Error: invariant(...): Second argument must be a string.
    at e (https://abs.twimg.com/responsive-web/client-web/shared~bundle.Routes~loader.HWCard~bundle.LiveEvent~bundle.Grok~bundle.Ocf~ondemand.Verified~bundle.UserProfi.c39605ba.js:19:14081)
    at t.exports (https://abs.twimg.com/responsive-web/client-web/shared~bundle.Routes~loader.HWCard~bundle.LiveEvent~bundle.Grok~bundle.Ocf~ondemand.Verified~bundle.UserProfi.c39605ba.js:19:14248)
    at c (https://abs.twimg.com/responsive-web/client-web/shared~bundle.Routes~loader.HWCard~bundle.LiveEvent~bundle.Grok~bundle.Ocf~ondemand.Verified~bundle.UserProfi.c39605ba.js:15:11865)
    at t.exports (https://abs.twimg.com/responsive-web/client-web/shared~bundle.Routes~loader.HWCard~bundle.LiveEvent~bundle.Grok~bundle.Ocf~ondemand.Verified~bundle.UserProfi.c39605ba.js:16:300)
    at t.exports (https://abs.twimg.com/responsive-web/client-web/shared~bundle.Routes~loader.HWCard~bundle.LiveEvent~bundle.Grok~bundle.Ocf~ondemand.Verified~bundle.UserProfi.c39605ba.js:15:11591)
    at t.exports (https://abs.twimg.com/responsive-web/client-web/shared~bundle.Routes~loader.HWCard~bundle.LiveEvent~bundle.Grok~bundle.Ocf~ondemand.Verified~bundle.UserProfi.c39605ba.js:15:5494)
    at https://abs.twimg.com/responsive-web/client-web/shared~bundle.Routes~loader.HWCard~bundle.LiveEvent~bundle.Grok~bundle.Ocf~ondemand.Verified~bundle.UserProfi.c39605ba.js:3:7391
    at Object.ej (https://abs.twimg.com/responsive-web/client-web/vendor.64e953aa.js:69:8007)
    at eW (https://abs.twimg.com/responsive-web/client-web/vendor.64e953aa.js:69:8161)
    at https://abs.twimg.com/responsive-web/client-web/vendor.64e953aa.js:69:26473
[  222553ms] [LOG] disabled: false @ :4
